0 info it worked if it ends with ok
1 verbose cli [ '/usr/bin/node', '/usr/bin/npm', 'install', 'node' ]
2 info using npm@3.5.2
3 info using node@v8.10.0
4 silly loadCurrentTree Starting
5 silly install loadCurrentTree
6 silly install readLocalPackageData
7 silly fetchPackageMetaData node
8 silly fetchNamedPackageData node
9 silly mapToRegistry name node
10 silly mapToRegistry using default registry
11 silly mapToRegistry registry https://registry.npmjs.org/
12 silly mapToRegistry uri https://registry.npmjs.org/node
13 verbose request uri https://registry.npmjs.org/node
14 verbose request no auth needed
15 info attempt registry request try #1 at 22:56:33
16 verbose request id d08383f2266076cf
17 http request GET https://registry.npmjs.org/node
18 http 200 https://registry.npmjs.org/node
19 verbose headers { date: 'Thu, 15 Oct 2020 01:56:35 GMT',
19 verbose headers   'content-type': 'application/json',
19 verbose headers   'transfer-encoding': 'chunked',
19 verbose headers   connection: 'keep-alive',
19 verbose headers   'set-cookie':
19 verbose headers    [ '__cfduid=d7512e24c1eb5f9ea43b06fb2d89d85251602726994; expires=Sat, 14-Nov-20 01:56:34 GMT; path=/; domain=.npmjs.org; HttpOnly; SameSite=Lax' ],
19 verbose headers   'cf-ray': '5e25eca0bb16fdf5-SCL',
19 verbose headers   'cache-control': 'public, max-age=300',
19 verbose headers   etag: 'W/"10d82fbf62b5f0f5d84f5700e06ba1dd"',
19 verbose headers   'last-modified': 'Wed, 14 Oct 2020 04:06:56 GMT',
19 verbose headers   vary: 'accept-encoding, accept',
19 verbose headers   'cf-cache-status': 'MISS',
19 verbose headers   'cf-request-id': '05cb9238740000fdf5be22d000000001',
19 verbose headers   'expect-ct': 'max-age=604800, report-uri="https://report-uri.cloudflare.com/cdn-cgi/beacon/expect-ct"',
19 verbose headers   server: 'cloudflare',
19 verbose headers   'content-encoding': 'gzip' }
20 silly get cb [ 200,
20 silly get   { date: 'Thu, 15 Oct 2020 01:56:35 GMT',
20 silly get     'content-type': 'application/json',
20 silly get     'transfer-encoding': 'chunked',
20 silly get     connection: 'keep-alive',
20 silly get     'set-cookie':
20 silly get      [ '__cfduid=d7512e24c1eb5f9ea43b06fb2d89d85251602726994; expires=Sat, 14-Nov-20 01:56:34 GMT; path=/; domain=.npmjs.org; HttpOnly; SameSite=Lax' ],
20 silly get     'cf-ray': '5e25eca0bb16fdf5-SCL',
20 silly get     'cache-control': 'public, max-age=300',
20 silly get     etag: 'W/"10d82fbf62b5f0f5d84f5700e06ba1dd"',
20 silly get     'last-modified': 'Wed, 14 Oct 2020 04:06:56 GMT',
20 silly get     vary: 'accept-encoding, accept',
20 silly get     'cf-cache-status': 'MISS',
20 silly get     'cf-request-id': '05cb9238740000fdf5be22d000000001',
20 silly get     'expect-ct': 'max-age=604800, report-uri="https://report-uri.cloudflare.com/cdn-cgi/beacon/expect-ct"',
20 silly get     server: 'cloudflare',
20 silly get     'content-encoding': 'gzip' } ]
21 verbose get saving node to /home/crushubuntu/.npm/registry.npmjs.org/node/.cache.json
22 silly install normalizeTree
23 silly loadCurrentTree Finishing
24 silly loadIdealTree Starting
25 silly install loadIdealTree
26 silly cloneCurrentTree Starting
27 silly install cloneCurrentTreeToIdealTree
28 silly cloneCurrentTree Finishing
29 silly loadShrinkwrap Starting
30 silly install loadShrinkwrap
31 silly loadShrinkwrap Finishing
32 silly loadAllDepsIntoIdealTree Starting
33 silly install loadAllDepsIntoIdealTree
34 silly resolveWithNewModule node@14.13.1 checking installable status
35 silly cache add args [ 'node', null ]
36 verbose cache add spec node
37 silly cache add parsed spec Result {
37 silly cache add   raw: 'node',
37 silly cache add   scope: null,
37 silly cache add   name: 'node',
37 silly cache add   rawSpec: '',
37 silly cache add   spec: 'latest',
37 silly cache add   type: 'tag' }
38 silly addNamed node@latest
39 verbose addNamed "latest" is being treated as a dist-tag for node
40 info addNameTag [ 'node', 'latest' ]
41 silly mapToRegistry name node
42 silly mapToRegistry using default registry
43 silly mapToRegistry registry https://registry.npmjs.org/
44 silly mapToRegistry uri https://registry.npmjs.org/node
45 verbose addNameTag registry:https://registry.npmjs.org/node not in flight; fetching
46 verbose get https://registry.npmjs.org/node not expired, no request
47 silly addNameTag next cb for node with tag latest
48 silly addNamed node@14.13.1
49 verbose addNamed "14.13.1" is a plain semver version for node
50 silly mapToRegistry name node
51 silly mapToRegistry using default registry
52 silly mapToRegistry registry https://registry.npmjs.org/
53 silly mapToRegistry uri https://registry.npmjs.org/node
54 verbose addRemoteTarball https://registry.npmjs.org/node/-/node-14.13.1.tgz not in flight; adding
55 verbose addRemoteTarball [ 'https://registry.npmjs.org/node/-/node-14.13.1.tgz',
55 verbose addRemoteTarball   'b6cd2c0f4baad3ebaa274d251ab21e56dbc4ef9a' ]
56 info retry fetch attempt 1 at 22:56:36
57 info attempt registry request try #1 at 22:56:36
58 http fetch GET https://registry.npmjs.org/node/-/node-14.13.1.tgz
59 http fetch 200 https://registry.npmjs.org/node/-/node-14.13.1.tgz
60 silly fetchAndShaCheck shasum b6cd2c0f4baad3ebaa274d251ab21e56dbc4ef9a
61 verbose addTmpTarball /tmp/npm-13851-00c4d244/registry.npmjs.org/node/-/node-14.13.1.tgz not in flight; adding
62 verbose addTmpTarball already have metadata; skipping unpack for node@14.13.1
63 silly cache afterAdd node@14.13.1
64 verbose afterAdd /home/crushubuntu/.npm/node/14.13.1/package/package.json not in flight; writing
65 verbose afterAdd /home/crushubuntu/.npm/node/14.13.1/package/package.json written
66 silly fetchNamedPackageData node-bin-setup
67 silly mapToRegistry name node-bin-setup
68 silly mapToRegistry using default registry
69 silly mapToRegistry registry https://registry.npmjs.org/
70 silly mapToRegistry uri https://registry.npmjs.org/node-bin-setup
71 verbose request uri https://registry.npmjs.org/node-bin-setup
72 verbose request no auth needed
73 info attempt registry request try #1 at 22:56:36
74 http request GET https://registry.npmjs.org/node-bin-setup
75 http 200 https://registry.npmjs.org/node-bin-setup
76 verbose headers { date: 'Thu, 15 Oct 2020 01:56:37 GMT',
76 verbose headers   'content-type': 'application/json; charset=UTF-8',
76 verbose headers   'transfer-encoding': 'chunked',
76 verbose headers   connection: 'keep-alive',
76 verbose headers   'set-cookie':
76 verbose headers    [ '__cfduid=db57d99979437eed550142b45dd46b3a61602726996; expires=Sat, 14-Nov-20 01:56:36 GMT; path=/; domain=.npmjs.org; HttpOnly; SameSite=Lax' ],
76 verbose headers   'cf-ray': '5e25ecaea862fdf5-SCL',
76 verbose headers   'cache-control': 'public, max-age=300',
76 verbose headers   etag: 'W/"696d6ec470fda56a33885508a280edab"',
76 verbose headers   'last-modified': 'Sun, 27 May 2018 09:55:03 GMT',
76 verbose headers   vary: 'accept-encoding, accept',
76 verbose headers   'cf-cache-status': 'MISS',
76 verbose headers   'cf-request-id': '05cb9241250000fdf50713f000000001',
76 verbose headers   'expect-ct': 'max-age=604800, report-uri="https://report-uri.cloudflare.com/cdn-cgi/beacon/expect-ct"',
76 verbose headers   server: 'cloudflare',
76 verbose headers   'content-encoding': 'gzip' }
77 silly get cb [ 200,
77 silly get   { date: 'Thu, 15 Oct 2020 01:56:37 GMT',
77 silly get     'content-type': 'application/json; charset=UTF-8',
77 silly get     'transfer-encoding': 'chunked',
77 silly get     connection: 'keep-alive',
77 silly get     'set-cookie':
77 silly get      [ '__cfduid=db57d99979437eed550142b45dd46b3a61602726996; expires=Sat, 14-Nov-20 01:56:36 GMT; path=/; domain=.npmjs.org; HttpOnly; SameSite=Lax' ],
77 silly get     'cf-ray': '5e25ecaea862fdf5-SCL',
77 silly get     'cache-control': 'public, max-age=300',
77 silly get     etag: 'W/"696d6ec470fda56a33885508a280edab"',
77 silly get     'last-modified': 'Sun, 27 May 2018 09:55:03 GMT',
77 silly get     vary: 'accept-encoding, accept',
77 silly get     'cf-cache-status': 'MISS',
77 silly get     'cf-request-id': '05cb9241250000fdf50713f000000001',
77 silly get     'expect-ct': 'max-age=604800, report-uri="https://report-uri.cloudflare.com/cdn-cgi/beacon/expect-ct"',
77 silly get     server: 'cloudflare',
77 silly get     'content-encoding': 'gzip' } ]
78 verbose get saving node-bin-setup to /home/crushubuntu/.npm/registry.npmjs.org/node-bin-setup/.cache.json
79 silly resolveWithNewModule node-bin-setup@1.0.6 checking installable status
80 silly cache add args [ 'node-bin-setup@^1.0.0', null ]
81 verbose cache add spec node-bin-setup@^1.0.0
82 silly cache add parsed spec Result {
82 silly cache add   raw: 'node-bin-setup@^1.0.0',
82 silly cache add   scope: null,
82 silly cache add   name: 'node-bin-setup',
82 silly cache add   rawSpec: '^1.0.0',
82 silly cache add   spec: '>=1.0.0 <2.0.0',
82 silly cache add   type: 'range' }
83 silly addNamed node-bin-setup@>=1.0.0 <2.0.0
84 verbose addNamed ">=1.0.0 <2.0.0" is a valid semver range for node-bin-setup
85 silly addNameRange { name: 'node-bin-setup',
85 silly addNameRange   range: '>=1.0.0 <2.0.0',
85 silly addNameRange   hasData: false }
86 silly mapToRegistry name node-bin-setup
87 silly mapToRegistry using default registry
88 silly mapToRegistry registry https://registry.npmjs.org/
89 silly mapToRegistry uri https://registry.npmjs.org/node-bin-setup
90 verbose addNameRange registry:https://registry.npmjs.org/node-bin-setup not in flight; fetching
91 verbose get https://registry.npmjs.org/node-bin-setup not expired, no request
92 silly addNameRange number 2 { name: 'node-bin-setup',
92 silly addNameRange   range: '>=1.0.0 <2.0.0',
92 silly addNameRange   hasData: true }
93 silly addNameRange versions [ 'node-bin-setup',
93 silly addNameRange   [ '1.0.0', '1.0.1', '1.0.2', '1.0.3', '1.0.4', '1.0.6' ] ]
94 silly addNamed node-bin-setup@1.0.6
95 verbose addNamed "1.0.6" is a plain semver version for node-bin-setup
96 silly mapToRegistry name node-bin-setup
97 silly mapToRegistry using default registry
98 silly mapToRegistry registry https://registry.npmjs.org/
99 silly mapToRegistry uri https://registry.npmjs.org/node-bin-setup
100 verbose addRemoteTarball https://registry.npmjs.org/node-bin-setup/-/node-bin-setup-1.0.6.tgz not in flight; adding
101 verbose addRemoteTarball [ 'https://registry.npmjs.org/node-bin-setup/-/node-bin-setup-1.0.6.tgz',
101 verbose addRemoteTarball   '4b5c9bb937ece702d7069b36ca78af4684677528' ]
102 info retry fetch attempt 1 at 22:56:37
103 info attempt registry request try #1 at 22:56:37
104 http fetch GET https://registry.npmjs.org/node-bin-setup/-/node-bin-setup-1.0.6.tgz
105 http fetch 200 https://registry.npmjs.org/node-bin-setup/-/node-bin-setup-1.0.6.tgz
106 silly fetchAndShaCheck shasum 4b5c9bb937ece702d7069b36ca78af4684677528
107 verbose addTmpTarball /tmp/npm-13851-00c4d244/registry.npmjs.org/node-bin-setup/-/node-bin-setup-1.0.6.tgz not in flight; adding
108 verbose addTmpTarball already have metadata; skipping unpack for node-bin-setup@1.0.6
109 silly cache afterAdd node-bin-setup@1.0.6
110 verbose afterAdd /home/crushubuntu/.npm/node-bin-setup/1.0.6/package/package.json not in flight; writing
111 verbose afterAdd /home/crushubuntu/.npm/node-bin-setup/1.0.6/package/package.json written
112 silly loadAllDepsIntoIdealTree Finishing
113 silly idealTree:prePrune SysHorasExtras
113 silly idealTree:prePrune ├── node-bin-setup@1.0.6
113 silly idealTree:prePrune └── node@14.13.1
114 silly loadIdealTree Finishing
115 silly currentTree SysHorasExtras
116 silly idealTree SysHorasExtras
116 silly idealTree ├── node-bin-setup@1.0.6
116 silly idealTree └── node@14.13.1
117 silly generateActionsToTake Starting
118 silly install generateActionsToTake
119 silly generateActionsToTake Finishing
120 silly diffTrees action count 2
121 silly diffTrees add node-bin-setup@1.0.6
122 silly diffTrees add node@14.13.1
123 silly decomposeActions action count 16
124 silly decomposeActions fetch node-bin-setup@1.0.6
125 silly decomposeActions extract node-bin-setup@1.0.6
126 silly decomposeActions test node-bin-setup@1.0.6
127 silly decomposeActions preinstall node-bin-setup@1.0.6
128 silly decomposeActions build node-bin-setup@1.0.6
129 silly decomposeActions install node-bin-setup@1.0.6
130 silly decomposeActions postinstall node-bin-setup@1.0.6
131 silly decomposeActions finalize node-bin-setup@1.0.6
132 silly decomposeActions fetch node@14.13.1
133 silly decomposeActions extract node@14.13.1
134 silly decomposeActions test node@14.13.1
135 silly decomposeActions preinstall node@14.13.1
136 silly decomposeActions build node@14.13.1
137 silly decomposeActions install node@14.13.1
138 silly decomposeActions postinstall node@14.13.1
139 silly decomposeActions finalize node@14.13.1
140 silly executeActions Starting
141 silly install executeActions
142 silly doSerial global-install 0
143 silly doParallel fetch 2
144 verbose lock using /home/crushubuntu/.npm/_locks/staging-373ce8b6701be5ee.lock for /home/crushubuntu/lappstack-7.4.11-0/apache2/htdocs/SysHorasExtras/node_modules/.staging
145 silly doParallel extract 2
146 silly extract node-bin-setup@1.0.6
147 silly extract node@14.13.1
148 verbose unbuild node_modules/.staging/node-bin-setup-2ffe9bf4
149 verbose unbuild node_modules/.staging/node-2a14dcb3
150 silly gentlyRm /home/crushubuntu/lappstack-7.4.11-0/apache2/htdocs/SysHorasExtras/node_modules/.staging/node-bin-setup-2ffe9bf4 is being purged from base /home/crushubuntu/lappstack-7.4.11-0/apache2/htdocs/SysHorasExtras
151 verbose gentlyRm don't care about contents; nuking /home/crushubuntu/lappstack-7.4.11-0/apache2/htdocs/SysHorasExtras/node_modules/.staging/node-bin-setup-2ffe9bf4
152 verbose tar unpack /home/crushubuntu/.npm/node-bin-setup/1.0.6/package.tgz
153 verbose tar unpacking to /home/crushubuntu/lappstack-7.4.11-0/apache2/htdocs/SysHorasExtras/node_modules/.staging/node-bin-setup-2ffe9bf4
154 silly gentlyRm /home/crushubuntu/lappstack-7.4.11-0/apache2/htdocs/SysHorasExtras/node_modules/.staging/node-bin-setup-2ffe9bf4 is being purged
155 verbose gentlyRm don't care about contents; nuking /home/crushubuntu/lappstack-7.4.11-0/apache2/htdocs/SysHorasExtras/node_modules/.staging/node-bin-setup-2ffe9bf4
156 silly gentlyRm /home/crushubuntu/lappstack-7.4.11-0/apache2/htdocs/SysHorasExtras/node_modules/.staging/node-2a14dcb3 is being purged from base /home/crushubuntu/lappstack-7.4.11-0/apache2/htdocs/SysHorasExtras
157 verbose gentlyRm don't care about contents; nuking /home/crushubuntu/lappstack-7.4.11-0/apache2/htdocs/SysHorasExtras/node_modules/.staging/node-2a14dcb3
158 silly gunzTarPerm modes [ '755', '644' ]
159 verbose tar unpack /home/crushubuntu/.npm/node/14.13.1/package.tgz
160 verbose tar unpacking to /home/crushubuntu/lappstack-7.4.11-0/apache2/htdocs/SysHorasExtras/node_modules/.staging/node-2a14dcb3
161 silly gentlyRm /home/crushubuntu/lappstack-7.4.11-0/apache2/htdocs/SysHorasExtras/node_modules/.staging/node-2a14dcb3 is being purged
162 verbose gentlyRm don't care about contents; nuking /home/crushubuntu/lappstack-7.4.11-0/apache2/htdocs/SysHorasExtras/node_modules/.staging/node-2a14dcb3
163 silly gunzTarPerm modes [ '755', '644' ]
164 silly gunzTarPerm extractEntry package.json
165 silly gunzTarPerm extractEntry installArchSpecificPackage.js
166 silly gunzTarPerm extractEntry index.js
167 silly gunzTarPerm extractEntry package.json
168 silly gunzTarPerm extractEntry README.md
169 silly gentlyRm /home/crushubuntu/lappstack-7.4.11-0/apache2/htdocs/SysHorasExtras/node_modules/.staging/node-bin-setup-2ffe9bf4/node_modules is being purged
170 verbose gentlyRm don't care about contents; nuking /home/crushubuntu/lappstack-7.4.11-0/apache2/htdocs/SysHorasExtras/node_modules/.staging/node-bin-setup-2ffe9bf4/node_modules
171 silly gentlyRm /home/crushubuntu/lappstack-7.4.11-0/apache2/htdocs/SysHorasExtras/node_modules/.staging/node-2a14dcb3/node_modules is being purged
172 verbose gentlyRm don't care about contents; nuking /home/crushubuntu/lappstack-7.4.11-0/apache2/htdocs/SysHorasExtras/node_modules/.staging/node-2a14dcb3/node_modules
173 silly doParallel preinstall 2
174 silly preinstall node-bin-setup@1.0.6 /home/crushubuntu/lappstack-7.4.11-0/apache2/htdocs/SysHorasExtras/node_modules/.staging/node-bin-setup-2ffe9bf4
175 info lifecycle node-bin-setup@1.0.6~preinstall: node-bin-setup@1.0.6
176 silly preinstall node@14.13.1 /home/crushubuntu/lappstack-7.4.11-0/apache2/htdocs/SysHorasExtras/node_modules/.staging/node-2a14dcb3
177 info lifecycle node@14.13.1~preinstall: node@14.13.1
178 silly lifecycle node-bin-setup@1.0.6~preinstall: no script for preinstall, continuing
179 verbose lifecycle node@14.13.1~preinstall: unsafe-perm in lifecycle true
180 verbose lifecycle node@14.13.1~preinstall: PATH: /usr/share/npm/bin/node-gyp-bin:/home/crushubuntu/lappstack-7.4.11-0/apache2/htdocs/SysHorasExtras/node_modules/.staging/node-2a14dcb3/node_modules/.bin:/home/crushubuntu/lappstack-7.4.11-0/apache2/htdocs/SysHorasExtras/node_modules/.bin:/usr/local/sbin:/usr/local/bin:/usr/sbin:/usr/bin:/sbin:/bin:/usr/games:/usr/local/games:/snap/bin
181 verbose lifecycle node@14.13.1~preinstall: CWD: /home/crushubuntu/lappstack-7.4.11-0/apache2/htdocs/SysHorasExtras/node_modules/.staging/node-2a14dcb3
182 silly lifecycle node@14.13.1~preinstall: Args: [ '-c', 'node installArchSpecificPackage' ]
183 silly lifecycle node@14.13.1~preinstall: Returned: code: 1  signal: null
184 info lifecycle node@14.13.1~preinstall: Failed to exec preinstall script
185 verbose unlock done using /home/crushubuntu/.npm/_locks/staging-373ce8b6701be5ee.lock for /home/crushubuntu/lappstack-7.4.11-0/apache2/htdocs/SysHorasExtras/node_modules/.staging
186 silly rollbackFailedOptional Starting
187 silly rollbackFailedOptional Finishing
188 silly runTopLevelLifecycles Starting
189 silly runTopLevelLifecycles Finishing
190 silly install printInstalled
191 warn enoent ENOENT: no such file or directory, open '/home/crushubuntu/lappstack-7.4.11-0/apache2/htdocs/SysHorasExtras/package.json'
192 warn SysHorasExtras No description
193 warn SysHorasExtras No repository field.
194 warn SysHorasExtras No README data
195 warn SysHorasExtras No license field.
196 verbose stack Error: node@14.13.1 preinstall: `node installArchSpecificPackage`
196 verbose stack Exit status 1
196 verbose stack     at EventEmitter.<anonymous> (/usr/share/npm/lib/utils/lifecycle.js:232:16)
196 verbose stack     at emitTwo (events.js:126:13)
196 verbose stack     at EventEmitter.emit (events.js:214:7)
196 verbose stack     at ChildProcess.<anonymous> (/usr/share/npm/lib/utils/spawn.js:24:14)
196 verbose stack     at emitTwo (events.js:126:13)
196 verbose stack     at ChildProcess.emit (events.js:214:7)
196 verbose stack     at maybeClose (internal/child_process.js:925:16)
196 verbose stack     at Process.ChildProcess._handle.onexit (internal/child_process.js:209:5)
197 verbose pkgid node@14.13.1
198 verbose cwd /home/crushubuntu/lappstack-7.4.11-0/apache2/htdocs/SysHorasExtras
199 error Linux 4.15.0-121-generic
200 error argv "/usr/bin/node" "/usr/bin/npm" "install" "node"
201 error node v8.10.0
202 error npm  v3.5.2
203 error code ELIFECYCLE
204 error node@14.13.1 preinstall: `node installArchSpecificPackage`
204 error Exit status 1
205 error Failed at the node@14.13.1 preinstall script 'node installArchSpecificPackage'.
205 error Make sure you have the latest version of node.js and npm installed.
205 error If you do, this is most likely a problem with the node package,
205 error not with npm itself.
205 error Tell the author that this fails on your system:
205 error     node installArchSpecificPackage
205 error You can get information on how to open an issue for this project with:
205 error     npm bugs node
205 error Or if that isn't available, you can get their info via:
205 error     npm owner ls node
205 error There is likely additional logging output above.
206 verbose exit [ 1, true ]
